<?xml version="1.0" encoding="UTF-8"?>
<testng-results ignored="0" total="1" passed="1" failed="0" skipped="0">
  <reporter-output>
  </reporter-output>
  <suite started-at="2021-07-11T11:26:02 CDT" name="Default suite" finished-at="2021-07-11T11:26:15 CDT" duration-ms="12343">
    <groups>
    </groups>
    <test started-at="2021-07-11T11:26:02 CDT" name="Default test" finished-at="2021-07-11T11:26:15 CDT" duration-ms="12343">
      <class name="test.ValidateMonthDropDownTest">
        <test-method is-config="true" signature="browserTest()[pri:0, instance:test.ValidateMonthDropDownTest@e7edb54]" started-at="2021-07-11T11:26:02 CDT" name="browserTest" finished-at="2021-07-11T11:26:06 CDT" duration-ms="4010" status="PASS">
          <reporter-output>
          </reporter-output>
        </test-method> <!-- browserTest -->
        <test-method signature="verifyMonthTest()[pri:0, instance:test.ValidateMonthDropDownTest@e7edb54]" started-at="2021-07-11T11:26:06 CDT" name="verifyMonthTest" finished-at="2021-07-11T11:26:15 CDT" duration-ms="8276" status="PASS">
          <reporter-output>
          </reporter-output>
        </test-method> <!-- verifyMonthTest -->
      </class> <!-- test.ValidateMonthDropDownTest -->
    </test> <!-- Default test -->
  </suite> <!-- Default suite -->
</testng-results>
